{"C:\\Users\\EBundhoo\\development\\Seneca\\pokemon1\\pokemon1\\src\\App.js": {"path":"C:\\Users\\EBundhoo\\development\\Seneca\\pokemon1\\pokemon1\\src\\App.js","statementMap":{"0":{"start":{"line":15,"column":4},"end":{"line":27,"column":6}}},"fnMap":{"0":{"name":"(anonymous_0)","decl":{"start":{"line":14,"column":2},"end":{"line":14,"column":3}},"loc":{"start":{"line":14,"column":11},"end":{"line":28,"column":3}},"line":14}},"branchMap":{},"s":{"0":0},"f":{"0":0},"b":{},"_coverageSchema":"332fd63041d2c1bcb487cc26dd0d5f7d97098a6c","hash":"c82cfaa46a4326ecbc54a51ef31b6bbe9cf0be01"}
,"C:\\Users\\EBundhoo\\development\\Seneca\\pokemon1\\pokemon1\\src\\components\\Appbar.js": {"path":"C:\\Users\\EBundhoo\\development\\Seneca\\pokemon1\\pokemon1\\src\\components\\Appbar.js","statementMap":{"0":{"start":{"line":10,"column":15},"end":{"line":18,"column":1}},"1":{"start":{"line":21,"column":22},"end":{"line":21,"column":27}},"2":{"start":{"line":22,"column":2},"end":{"line":35,"column":4}},"3":{"start":{"line":38,"column":0},"end":{"line":40,"column":2}}},"fnMap":{"0":{"name":"Appbar","decl":{"start":{"line":20,"column":9},"end":{"line":20,"column":15}},"loc":{"start":{"line":20,"column":23},"end":{"line":36,"column":1}},"line":20}},"branchMap":{},"s":{"0":2,"1":1,"2":1,"3":2},"f":{"0":1},"b":{},"_coverageSchema":"332fd63041d2c1bcb487cc26dd0d5f7d97098a6c","hash":"5c7a3b1dfabecb0c9aac23184e5b1c6d9c9bf172"}
,"C:\\Users\\EBundhoo\\development\\Seneca\\pokemon1\\pokemon1\\src\\components\\Catalogue.js": {"path":"C:\\Users\\EBundhoo\\development\\Seneca\\pokemon1\\pokemon1\\src\\components\\Catalogue.js","statementMap":{"0":{"start":{"line":4,"column":16},"end":{"line":11,"column":1}},"1":{"start":{"line":5,"column":4},"end":{"line":10,"column":6}}},"fnMap":{"0":{"name":"(anonymous_0)","decl":{"start":{"line":4,"column":16},"end":{"line":4,"column":17}},"loc":{"start":{"line":4,"column":25},"end":{"line":11,"column":1}},"line":4}},"branchMap":{},"s":{"0":1,"1":0},"f":{"0":0},"b":{},"_coverageSchema":"332fd63041d2c1bcb487cc26dd0d5f7d97098a6c","hash":"ab63516c1bd6c45a4d39db47ea25507ec396c24e"}
,"C:\\Users\\EBundhoo\\development\\Seneca\\pokemon1\\pokemon1\\src\\components\\Loading\\Loading.js": {"path":"C:\\Users\\EBundhoo\\development\\Seneca\\pokemon1\\pokemon1\\src\\components\\Loading\\Loading.js","statementMap":{"0":{"start":{"line":6,"column":16},"end":{"line":12,"column":1}},"1":{"start":{"line":7,"column":4},"end":{"line":11,"column":6}}},"fnMap":{"0":{"name":"(anonymous_0)","decl":{"start":{"line":6,"column":16},"end":{"line":6,"column":17}},"loc":{"start":{"line":6,"column":22},"end":{"line":12,"column":1}},"line":6}},"branchMap":{},"s":{"0":3,"1":3},"f":{"0":3},"b":{},"_coverageSchema":"332fd63041d2c1bcb487cc26dd0d5f7d97098a6c","hash":"dd99103d589bf98fea53dbbb12d00fec0c1ced4d"}
,"C:\\Users\\EBundhoo\\development\\Seneca\\pokemon1\\pokemon1\\src\\components\\Loading\\Loadingb.js": {"path":"C:\\Users\\EBundhoo\\development\\Seneca\\pokemon1\\pokemon1\\src\\components\\Loading\\Loadingb.js","statementMap":{"0":{"start":{"line":6,"column":16},"end":{"line":12,"column":1}},"1":{"start":{"line":7,"column":4},"end":{"line":11,"column":6}}},"fnMap":{"0":{"name":"(anonymous_0)","decl":{"start":{"line":6,"column":16},"end":{"line":6,"column":17}},"loc":{"start":{"line":6,"column":22},"end":{"line":12,"column":1}},"line":6}},"branchMap":{},"s":{"0":2,"1":1},"f":{"0":1},"b":{},"_coverageSchema":"332fd63041d2c1bcb487cc26dd0d5f7d97098a6c","hash":"3a8bef31c5a3cd0618dff69c4aad61cb185391be"}
,"C:\\Users\\EBundhoo\\development\\Seneca\\pokemon1\\pokemon1\\src\\pages\\Feed\\Feed.js": {"path":"C:\\Users\\EBundhoo\\development\\Seneca\\pokemon1\\pokemon1\\src\\pages\\Feed\\Feed.js","statementMap":{"0":{"start":{"line":18,"column":8},"end":{"line":18,"column":21}},"1":{"start":{"line":19,"column":8},"end":{"line":23,"column":10}},"2":{"start":{"line":31,"column":25},"end":{"line":31,"column":43}},"3":{"start":{"line":32,"column":23},"end":{"line":32,"column":25}},"4":{"start":{"line":33,"column":24},"end":{"line":33,"column":79}},"5":{"start":{"line":34,"column":12},"end":{"line":52,"column":11}},"6":{"start":{"line":35,"column":24},"end":{"line":35,"column":26}},"7":{"start":{"line":36,"column":12},"end":{"line":36,"column":46}},"8":{"start":{"line":37,"column":33},"end":{"line":43,"column":24}},"9":{"start":{"line":38,"column":16},"end":{"line":38,"column":43}},"10":{"start":{"line":39,"column":16},"end":{"line":42,"column":19}},"11":{"start":{"line":45,"column":33},"end":{"line":51,"column":20}},"12":{"start":{"line":46,"column":16},"end":{"line":46,"column":43}},"13":{"start":{"line":47,"column":16},"end":{"line":50,"column":19}},"14":{"start":{"line":56,"column":42},"end":{"line":56,"column":52}},"15":{"start":{"line":57,"column":8},"end":{"line":86,"column":10}},"16":{"start":{"line":67,"column":38},"end":{"line":67,"column":57}},"17":{"start":{"line":68,"column":36},"end":{"line":68,"column":58}},"18":{"start":{"line":69,"column":37},"end":{"line":69,"column":51}},"19":{"start":{"line":70,"column":40},"end":{"line":70,"column":130}},"20":{"start":{"line":71,"column":28},"end":{"line":81,"column":30}}},"fnMap":{"0":{"name":"(anonymous_0)","decl":{"start":{"line":17,"column":4},"end":{"line":17,"column":5}},"loc":{"start":{"line":17,"column":23},"end":{"line":24,"column":5}},"line":17},"1":{"name":"(anonymous_1)","decl":{"start":{"line":30,"column":4},"end":{"line":30,"column":5}},"loc":{"start":{"line":30,"column":24},"end":{"line":53,"column":5}},"line":30},"2":{"name":"(anonymous_2)","decl":{"start":{"line":34,"column":35},"end":{"line":34,"column":36}},"loc":{"start":{"line":34,"column":49},"end":{"line":44,"column":13}},"line":34},"3":{"name":"(anonymous_3)","decl":{"start":{"line":37,"column":44},"end":{"line":37,"column":45}},"loc":{"start":{"line":37,"column":50},"end":{"line":43,"column":17}},"line":37},"4":{"name":"(anonymous_4)","decl":{"start":{"line":44,"column":21},"end":{"line":44,"column":22}},"loc":{"start":{"line":44,"column":27},"end":{"line":52,"column":9}},"line":44},"5":{"name":"(anonymous_5)","decl":{"start":{"line":45,"column":44},"end":{"line":45,"column":45}},"loc":{"start":{"line":45,"column":50},"end":{"line":51,"column":13}},"line":45},"6":{"name":"(anonymous_6)","decl":{"start":{"line":55,"column":4},"end":{"line":55,"column":5}},"loc":{"start":{"line":55,"column":13},"end":{"line":87,"column":5}},"line":55},"7":{"name":"(anonymous_7)","decl":{"start":{"line":66,"column":38},"end":{"line":66,"column":39}},"loc":{"start":{"line":66,"column":53},"end":{"line":82,"column":25}},"line":66}},"branchMap":{"0":{"loc":{"start":{"line":59,"column":17},"end":{"line":61,"column":17}},"type":"binary-expr","locations":[{"start":{"line":59,"column":17},"end":{"line":59,"column":25}},{"start":{"line":59,"column":29},"end":{"line":59,"column":34}},{"start":{"line":60,"column":20},"end":{"line":60,"column":59}}],"line":59},"1":{"loc":{"start":{"line":62,"column":17},"end":{"line":84,"column":17}},"type":"cond-expr","locations":[{"start":{"line":63,"column":20},"end":{"line":63,"column":31}},{"start":{"line":65,"column":20},"end":{"line":83,"column":37}}],"line":62}},"s":{"0":2,"1":2,"2":2,"3":2,"4":2,"5":2,"6":0,"7":0,"8":0,"9":0,"10":0,"11":0,"12":0,"13":0,"14":2,"15":2,"16":0,"17":0,"18":0,"19":0,"20":0},"f":{"0":2,"1":2,"2":0,"3":0,"4":0,"5":0,"6":2,"7":0},"b":{"0":[2,0,0],"1":[2,0]},"_coverageSchema":"332fd63041d2c1bcb487cc26dd0d5f7d97098a6c","hash":"deaa2c4861b8e4bee8207dc35a4d682f819e0a34"}
,"C:\\Users\\EBundhoo\\development\\Seneca\\pokemon1\\pokemon1\\src\\pages\\Pokdetails\\Pokdetails.js": {"path":"C:\\Users\\EBundhoo\\development\\Seneca\\pokemon1\\pokemon1\\src\\pages\\Pokdetails\\Pokdetails.js","statementMap":{"0":{"start":{"line":31,"column":26},"end":{"line":42,"column":16}},"1":{"start":{"line":31,"column":47},"end":{"line":42,"column":3}},"2":{"start":{"line":44,"column":17},"end":{"line":59,"column":4}},"3":{"start":{"line":44,"column":27},"end":{"line":59,"column":3}},"4":{"start":{"line":88,"column":15},"end":{"line":88,"column":85}},"5":{"start":{"line":90,"column":4},"end":{"line":119,"column":3}},"6":{"start":{"line":92,"column":8},"end":{"line":92,"column":25}},"7":{"start":{"line":93,"column":8},"end":{"line":93,"column":30}},"8":{"start":{"line":94,"column":8},"end":{"line":94,"column":38}},"9":{"start":{"line":95,"column":8},"end":{"line":95,"column":36}},"10":{"start":{"line":96,"column":8},"end":{"line":104,"column":7}},"11":{"start":{"line":105,"column":27},"end":{"line":110,"column":12}},"12":{"start":{"line":106,"column":8},"end":{"line":106,"column":35}},"13":{"start":{"line":107,"column":8},"end":{"line":109,"column":11}},"14":{"start":{"line":112,"column":25},"end":{"line":118,"column":12}},"15":{"start":{"line":113,"column":8},"end":{"line":113,"column":35}},"16":{"start":{"line":114,"column":8},"end":{"line":117,"column":11}},"17":{"start":{"line":128,"column":24},"end":{"line":128,"column":34}},"18":{"start":{"line":129,"column":24},"end":{"line":129,"column":34}},"19":{"start":{"line":132,"column":4},"end":{"line":184,"column":3}},"20":{"start":{"line":161,"column":26},"end":{"line":169,"column":35}},"21":{"start":{"line":189,"column":0},"end":{"line":191,"column":4}}},"fnMap":{"0":{"name":"(anonymous_0)","decl":{"start":{"line":31,"column":37},"end":{"line":31,"column":38}},"loc":{"start":{"line":31,"column":47},"end":{"line":42,"column":3}},"line":31},"1":{"name":"(anonymous_1)","decl":{"start":{"line":44,"column":17},"end":{"line":44,"column":18}},"loc":{"start":{"line":44,"column":27},"end":{"line":59,"column":3}},"line":44},"2":{"name":"(anonymous_2)","decl":{"start":{"line":87,"column":0},"end":{"line":87,"column":1}},"loc":{"start":{"line":87,"column":19},"end":{"line":120,"column":1}},"line":87},"3":{"name":"(anonymous_3)","decl":{"start":{"line":91,"column":11},"end":{"line":91,"column":12}},"loc":{"start":{"line":91,"column":18},"end":{"line":111,"column":5}},"line":91},"4":{"name":"(anonymous_4)","decl":{"start":{"line":105,"column":38},"end":{"line":105,"column":39}},"loc":{"start":{"line":105,"column":44},"end":{"line":110,"column":5}},"line":105},"5":{"name":"(anonymous_5)","decl":{"start":{"line":111,"column":13},"end":{"line":111,"column":14}},"loc":{"start":{"line":111,"column":19},"end":{"line":119,"column":1}},"line":111},"6":{"name":"(anonymous_6)","decl":{"start":{"line":112,"column":36},"end":{"line":112,"column":37}},"loc":{"start":{"line":112,"column":42},"end":{"line":118,"column":5}},"line":112},"7":{"name":"(anonymous_7)","decl":{"start":{"line":125,"column":0},"end":{"line":125,"column":1}},"loc":{"start":{"line":125,"column":8},"end":{"line":185,"column":1}},"line":125},"8":{"name":"(anonymous_8)","decl":{"start":{"line":160,"column":50},"end":{"line":160,"column":51}},"loc":{"start":{"line":160,"column":62},"end":{"line":170,"column":33}},"line":160}},"branchMap":{"0":{"loc":{"start":{"line":134,"column":15},"end":{"line":182,"column":7}},"type":"cond-expr","locations":[{"start":{"line":135,"column":16},"end":{"line":135,"column":28}},{"start":{"line":137,"column":12},"end":{"line":181,"column":25}}],"line":134}},"s":{"0":1,"1":0,"2":1,"3":0,"4":0,"5":0,"6":0,"7":0,"8":0,"9":0,"10":0,"11":0,"12":0,"13":0,"14":0,"15":0,"16":0,"17":0,"18":0,"19":0,"20":0,"21":1},"f":{"0":0,"1":0,"2":0,"3":0,"4":0,"5":0,"6":0,"7":0,"8":0},"b":{"0":[0,0]},"_coverageSchema":"332fd63041d2c1bcb487cc26dd0d5f7d97098a6c","hash":"0ecab6e06fee56b407862ef8a4fe04e6e5b57720"}
,"C:\\Users\\EBundhoo\\development\\seneca\\pokemon1\\pokemon1\\src\\App.js": {"path":"C:\\Users\\EBundhoo\\development\\seneca\\pokemon1\\pokemon1\\src\\App.js","statementMap":{"0":{"start":{"line":1,"column":0},"end":{"line":null,"column":-1}},"1":{"start":{"line":2,"column":0},"end":{"line":null,"column":-1}},"2":{"start":{"line":3,"column":0},"end":{"line":null,"column":-1}},"3":{"start":{"line":4,"column":0},"end":{"line":null,"column":-1}},"4":{"start":{"line":5,"column":0},"end":{"line":null,"column":-1}},"5":{"start":{"line":6,"column":0},"end":{"line":null,"column":-1}},"6":{"start":{"line":7,"column":0},"end":{"line":null,"column":-1}},"7":{"start":{"line":15,"column":4},"end":{"line":null,"column":-1}}},"fnMap":{"0":{"name":"(anonymous_0)","decl":{"start":{"line":14,"column":2},"end":{"line":14,"column":7}},"loc":{"start":{"line":14,"column":11},"end":{"line":28,"column":3}}}},"branchMap":{},"s":{"0":0,"1":0,"2":0,"3":0,"4":0,"5":0,"6":0,"7":0},"f":{"0":0},"b":{}}
,"C:\\Users\\EBundhoo\\development\\seneca\\pokemon1\\pokemon1\\src\\index.js": {"path":"C:\\Users\\EBundhoo\\development\\seneca\\pokemon1\\pokemon1\\src\\index.js","statementMap":{"0":{"start":{"line":1,"column":0},"end":{"line":null,"column":-1}},"1":{"start":{"line":2,"column":0},"end":{"line":null,"column":-1}},"2":{"start":{"line":3,"column":0},"end":{"line":null,"column":-1}},"3":{"start":{"line":4,"column":0},"end":{"line":null,"column":-1}},"4":{"start":{"line":5,"column":0},"end":{"line":null,"column":-1}},"5":{"start":{"line":6,"column":0},"end":{"line":null,"column":-1}},"6":{"start":{"line":13,"column":0},"end":{"line":null,"column":-1}}},"fnMap":{},"branchMap":{},"s":{"0":0,"1":0,"2":0,"3":0,"4":0,"5":0,"6":0},"f":{},"b":{}}
,"C:\\Users\\EBundhoo\\development\\seneca\\pokemon1\\pokemon1\\src\\serviceWorker.js": {"path":"C:\\Users\\EBundhoo\\development\\seneca\\pokemon1\\pokemon1\\src\\serviceWorker.js","statementMap":{"0":{"start":{"line":13,"column":20},"end":{"line":13,"column":0}},"1":{"start":{"line":24,"column":2},"end":{"line":54,"column":3}},"2":{"start":{"line":26,"column":22},"end":{"line":26,"column":4}},"3":{"start":{"line":27,"column":4},"end":{"line":32,"column":5}},"4":{"start":{"line":31,"column":6},"end":{"line":null,"column":-1}},"5":{"start":{"line":34,"column":4},"end":{"line":null,"column":-1}},"6":{"start":{"line":35,"column":21},"end":{"line":35,"column":6}},"7":{"start":{"line":37,"column":6},"end":{"line":52,"column":7}},"8":{"start":{"line":39,"column":8},"end":{"line":37,"column":23}},"9":{"start":{"line":43,"column":8},"end":{"line":null,"column":-1}},"10":{"start":{"line":44,"column":10},"end":{"line":null,"column":-1}},"11":{"start":{"line":51,"column":8},"end":{"line":null,"column":-1}},"12":{"start":{"line":58,"column":2},"end":{"line":null,"column":-1}},"13":{"start":{"line":61,"column":6},"end":{"line":null,"column":-1}},"14":{"start":{"line":62,"column":33},"end":{"line":62,"column":8}},"15":{"start":{"line":63,"column":8},"end":{"line":65,"column":9}},"16":{"start":{"line":64,"column":10},"end":{"line":null,"column":-1}},"17":{"start":{"line":66,"column":8},"end":{"line":null,"column":-1}},"18":{"start":{"line":67,"column":10},"end":{"line":92,"column":11}},"19":{"start":{"line":68,"column":12},"end":{"line":91,"column":13}},"20":{"start":{"line":72,"column":14},"end":{"line":68,"column":52}},"21":{"start":{"line":78,"column":14},"end":{"line":80,"column":15}},"22":{"start":{"line":79,"column":16},"end":{"line":null,"column":-1}},"23":{"start":{"line":85,"column":14},"end":{"line":81,"column":19}},"24":{"start":{"line":88,"column":14},"end":{"line":90,"column":15}},"25":{"start":{"line":89,"column":16},"end":{"line":null,"column":-1}},"26":{"start":{"line":97,"column":6},"end":{"line":null,"column":-1}},"27":{"start":{"line":103,"column":2},"end":{"line":null,"column":-1}},"28":{"start":{"line":106,"column":26},"end":{"line":106,"column":6}},"29":{"start":{"line":107,"column":6},"end":{"line":120,"column":7}},"30":{"start":{"line":112,"column":8},"end":{"line":null,"column":-1}},"31":{"start":{"line":113,"column":10},"end":{"line":null,"column":-1}},"32":{"start":{"line":114,"column":12},"end":{"line":null,"column":-1}},"33":{"start":{"line":119,"column":8},"end":{"line":null,"column":-1}},"34":{"start":{"line":123,"column":6},"end":{"line":null,"column":-1}},"35":{"start":{"line":130,"column":2},"end":{"line":134,"column":3}},"36":{"start":{"line":131,"column":4},"end":{"line":null,"column":-1}},"37":{"start":{"line":132,"column":6},"end":{"line":null,"column":-1}}},"fnMap":{"0":{"name":"register","decl":{"start":{"line":23,"column":16},"end":{"line":23,"column":7}},"loc":{"start":{"line":23,"column":33},"end":{"line":55,"column":1}}},"1":{"name":"(anonymous_1)","decl":{"start":{"line":34,"column":36},"end":{"line":34,"column":41}},"loc":{"start":{"line":34,"column":42},"end":{"line":34,"column":4}}},"2":{"name":"(anonymous_2)","decl":{"start":{"line":43,"column":43},"end":{"line":43,"column":48}},"loc":{"start":{"line":43,"column":49},"end":{"line":43,"column":8}}},"3":{"name":"registerValidSW","decl":{"start":{"line":57,"column":9},"end":{"line":57,"column":0}},"loc":{"start":{"line":57,"column":40},"end":{"line":99,"column":1}}},"4":{"name":"(anonymous_4)","decl":{"start":{"line":60,"column":10},"end":{"line":60,"column":21}},"loc":{"start":{"line":60,"column":26},"end":{"line":58,"column":2}}},"5":{"name":"(anonymous_5)","decl":{"start":{"line":61,"column":35},"end":{"line":61,"column":40}},"loc":{"start":{"line":61,"column":41},"end":{"line":61,"column":6}}},"6":{"name":"(anonymous_6)","decl":{"start":{"line":66,"column":41},"end":{"line":66,"column":46}},"loc":{"start":{"line":66,"column":47},"end":{"line":66,"column":8}}},"7":{"name":"(anonymous_7)","decl":{"start":{"line":96,"column":11},"end":{"line":96,"column":15}},"loc":{"start":{"line":96,"column":20},"end":{"line":58,"column":2}}},"8":{"name":"checkValidServiceWorker","decl":{"start":{"line":101,"column":9},"end":{"line":101,"column":0}},"loc":{"start":{"line":101,"column":48},"end":{"line":127,"column":1}}},"9":{"name":"(anonymous_9)","decl":{"start":{"line":104,"column":10},"end":{"line":104,"column":17}},"loc":{"start":{"line":104,"column":22},"end":{"line":103,"column":2}}},"10":{"name":"(anonymous_10)","decl":{"start":{"line":112,"column":43},"end":{"line":112,"column":54}},"loc":{"start":{"line":112,"column":59},"end":{"line":112,"column":8}}},"11":{"name":"(anonymous_11)","decl":{"start":{"line":113,"column":41},"end":{"line":113,"column":46}},"loc":{"start":{"line":113,"column":47},"end":{"line":113,"column":10}}},"12":{"name":"(anonymous_12)","decl":{"start":{"line":122,"column":11},"end":{"line":122,"column":16}},"loc":{"start":{"line":122,"column":17},"end":{"line":103,"column":2}}},"13":{"name":"unregister","decl":{"start":{"line":129,"column":16},"end":{"line":129,"column":7}},"loc":{"start":{"line":129,"column":29},"end":{"line":135,"column":1}}},"14":{"name":"(anonymous_14)","decl":{"start":{"line":131,"column":39},"end":{"line":131,"column":50}},"loc":{"start":{"line":131,"column":55},"end":{"line":131,"column":4}}}},"branchMap":{"0":{"loc":{"start":{"line":14,"column":2},"end":{"line":14,"column":1}},"type":"binary-expr","locations":[{"start":{"line":14,"column":2},"end":{"line":14,"column":1}},{"start":{"line":16,"column":4},"end":{"line":14,"column":2}},{"start":{"line":18,"column":4},"end":{"line":13,"column":27}}]},"1":{"loc":{"start":{"line":24,"column":2},"end":{"line":54,"column":3}},"type":"if","locations":[{"start":{"line":24,"column":2},"end":{"line":54,"column":3}},{"start":{"line":24,"column":2},"end":{"line":54,"column":3}}]},"2":{"loc":{"start":{"line":24,"column":6},"end":{"line":24,"column":5}},"type":"binary-expr","locations":[{"start":{"line":24,"column":6},"end":{"line":24,"column":5}},{"start":{"line":24,"column":47},"end":{"line":24,"column":2}}]},"3":{"loc":{"start":{"line":27,"column":4},"end":{"line":32,"column":5}},"type":"if","locations":[{"start":{"line":27,"column":4},"end":{"line":32,"column":5}},{"start":{"line":27,"column":4},"end":{"line":32,"column":5}}]},"4":{"loc":{"start":{"line":37,"column":6},"end":{"line":52,"column":7}},"type":"if","locations":[{"start":{"line":37,"column":6},"end":{"line":52,"column":7}},{"start":{"line":37,"column":6},"end":{"line":52,"column":7}}]},"5":{"loc":{"start":{"line":63,"column":8},"end":{"line":65,"column":9}},"type":"if","locations":[{"start":{"line":63,"column":8},"end":{"line":65,"column":9}},{"start":{"line":63,"column":8},"end":{"line":65,"column":9}}]},"6":{"loc":{"start":{"line":67,"column":10},"end":{"line":92,"column":11}},"type":"if","locations":[{"start":{"line":67,"column":10},"end":{"line":92,"column":11}},{"start":{"line":67,"column":10},"end":{"line":92,"column":11}}]},"7":{"loc":{"start":{"line":68,"column":12},"end":{"line":91,"column":13}},"type":"if","locations":[{"start":{"line":68,"column":12},"end":{"line":91,"column":13}},{"start":{"line":68,"column":12},"end":{"line":91,"column":13}}]},"8":{"loc":{"start":{"line":78,"column":14},"end":{"line":80,"column":15}},"type":"if","locations":[{"start":{"line":78,"column":14},"end":{"line":80,"column":15}},{"start":{"line":78,"column":14},"end":{"line":80,"column":15}}]},"9":{"loc":{"start":{"line":78,"column":18},"end":{"line":78,"column":24}},"type":"binary-expr","locations":[{"start":{"line":78,"column":18},"end":{"line":78,"column":24}},{"start":{"line":78,"column":28},"end":{"line":78,"column":14}}]},"10":{"loc":{"start":{"line":88,"column":14},"end":{"line":90,"column":15}},"type":"if","locations":[{"start":{"line":88,"column":14},"end":{"line":90,"column":15}},{"start":{"line":88,"column":14},"end":{"line":90,"column":15}}]},"11":{"loc":{"start":{"line":88,"column":18},"end":{"line":88,"column":24}},"type":"binary-expr","locations":[{"start":{"line":88,"column":18},"end":{"line":88,"column":24}},{"start":{"line":88,"column":28},"end":{"line":88,"column":14}}]},"12":{"loc":{"start":{"line":107,"column":6},"end":{"line":120,"column":7}},"type":"if","locations":[{"start":{"line":107,"column":6},"end":{"line":120,"column":7}},{"start":{"line":107,"column":6},"end":{"line":120,"column":7}}]},"13":{"loc":{"start":{"line":108,"column":8},"end":{"line":108,"column":7}},"type":"binary-expr","locations":[{"start":{"line":108,"column":8},"end":{"line":108,"column":7}},{"start":{"line":109,"column":9},"end":{"line":109,"column":8}},{"start":{"line":109,"column":32},"end":{"line":107,"column":6}}]},"14":{"loc":{"start":{"line":130,"column":2},"end":{"line":134,"column":3}},"type":"if","locations":[{"start":{"line":130,"column":2},"end":{"line":134,"column":3}},{"start":{"line":130,"column":2},"end":{"line":134,"column":3}}]}},"s":{"0":0,"1":0,"2":0,"3":0,"4":0,"5":0,"6":0,"7":0,"8":0,"9":0,"10":0,"11":0,"12":0,"13":0,"14":0,"15":0,"16":0,"17":0,"18":0,"19":0,"20":0,"21":0,"22":0,"23":0,"24":0,"25":0,"26":0,"27":0,"28":0,"29":0,"30":0,"31":0,"32":0,"33":0,"34":0,"35":0,"36":0,"37":0},"f":{"0":0,"1":0,"2":0,"3":0,"4":0,"5":0,"6":0,"7":0,"8":0,"9":0,"10":0,"11":0,"12":0,"13":0,"14":0},"b":{"0":[0,0,0],"1":[0,0],"2":[0,0],"3":[0,0],"4":[0,0],"5":[0,0],"6":[0,0],"7":[0,0],"8":[0,0],"9":[0,0],"10":[0,0],"11":[0,0],"12":[0,0],"13":[0,0,0],"14":[0,0]}}
,"C:\\Users\\EBundhoo\\development\\seneca\\pokemon1\\pokemon1\\src\\components\\Appbar.js": {"path":"C:\\Users\\EBundhoo\\development\\seneca\\pokemon1\\pokemon1\\src\\components\\Appbar.js","statementMap":{"0":{"start":{"line":1,"column":0},"end":{"line":null,"column":-1}},"1":{"start":{"line":2,"column":0},"end":{"line":null,"column":-1}},"2":{"start":{"line":3,"column":0},"end":{"line":null,"column":-1}},"3":{"start":{"line":4,"column":0},"end":{"line":null,"column":-1}},"4":{"start":{"line":5,"column":0},"end":{"line":null,"column":-1}},"5":{"start":{"line":6,"column":0},"end":{"line":null,"column":-1}},"6":{"start":{"line":7,"column":0},"end":{"line":null,"column":-1}},"7":{"start":{"line":8,"column":0},"end":{"line":null,"column":-1}},"8":{"start":{"line":10,"column":15},"end":{"line":10,"column":0}},"9":{"start":{"line":21,"column":22},"end":{"line":20,"column":23}},"10":{"start":{"line":22,"column":2},"end":{"line":null,"column":-1}},"11":{"start":{"line":38,"column":0},"end":{"line":null,"column":-1}}},"fnMap":{"0":{"name":"Appbar","decl":{"start":{"line":20,"column":9},"end":{"line":20,"column":0}},"loc":{"start":{"line":20,"column":23},"end":{"line":36,"column":1}}}},"branchMap":{},"s":{"0":0,"1":0,"2":0,"3":0,"4":0,"5":0,"6":0,"7":0,"8":0,"9":0,"10":0,"11":0},"f":{"0":0},"b":{}}
,"C:\\Users\\EBundhoo\\development\\seneca\\pokemon1\\pokemon1\\src\\components\\Catalogue.js": {"path":"C:\\Users\\EBundhoo\\development\\seneca\\pokemon1\\pokemon1\\src\\components\\Catalogue.js","statementMap":{"0":{"start":{"line":1,"column":0},"end":{"line":null,"column":-1}},"1":{"start":{"line":2,"column":0},"end":{"line":null,"column":-1}},"2":{"start":{"line":4,"column":17},"end":{"line":4,"column":0}},"3":{"start":{"line":5,"column":4},"end":{"line":null,"column":-1}}},"fnMap":{"0":{"name":"(anonymous_0)","decl":{"start":{"line":4,"column":17},"end":{"line":4,"column":15}},"loc":{"start":{"line":4,"column":25},"end":{"line":4,"column":0}}}},"branchMap":{},"s":{"0":0,"1":0,"2":0,"3":0},"f":{"0":0},"b":{}}
,"C:\\Users\\EBundhoo\\development\\seneca\\pokemon1\\pokemon1\\src\\components\\Loading\\Loading.js": {"path":"C:\\Users\\EBundhoo\\development\\seneca\\pokemon1\\pokemon1\\src\\components\\Loading\\Loading.js","statementMap":{"0":{"start":{"line":1,"column":0},"end":{"line":null,"column":-1}},"1":{"start":{"line":2,"column":0},"end":{"line":null,"column":-1}},"2":{"start":{"line":4,"column":0},"end":{"line":null,"column":-1}},"3":{"start":{"line":6,"column":16},"end":{"line":6,"column":0}},"4":{"start":{"line":7,"column":4},"end":{"line":null,"column":-1}}},"fnMap":{"0":{"name":"(anonymous_0)","decl":{"start":{"line":6,"column":16},"end":{"line":6,"column":21}},"loc":{"start":{"line":6,"column":22},"end":{"line":6,"column":0}}}},"branchMap":{},"s":{"0":0,"1":0,"2":0,"3":0,"4":0},"f":{"0":0},"b":{}}
,"C:\\Users\\EBundhoo\\development\\seneca\\pokemon1\\pokemon1\\src\\components\\Loading\\Loadingb.js": {"path":"C:\\Users\\EBundhoo\\development\\seneca\\pokemon1\\pokemon1\\src\\components\\Loading\\Loadingb.js","statementMap":{"0":{"start":{"line":1,"column":0},"end":{"line":null,"column":-1}},"1":{"start":{"line":2,"column":0},"end":{"line":null,"column":-1}},"2":{"start":{"line":4,"column":0},"end":{"line":null,"column":-1}},"3":{"start":{"line":6,"column":16},"end":{"line":6,"column":0}},"4":{"start":{"line":7,"column":4},"end":{"line":null,"column":-1}}},"fnMap":{"0":{"name":"(anonymous_0)","decl":{"start":{"line":6,"column":16},"end":{"line":6,"column":21}},"loc":{"start":{"line":6,"column":22},"end":{"line":6,"column":0}}}},"branchMap":{},"s":{"0":0,"1":0,"2":0,"3":0,"4":0},"f":{"0":0},"b":{}}
,"C:\\Users\\EBundhoo\\development\\seneca\\pokemon1\\pokemon1\\src\\pages\\Feed\\Feed.js": {"path":"C:\\Users\\EBundhoo\\development\\seneca\\pokemon1\\pokemon1\\src\\pages\\Feed\\Feed.js","statementMap":{"0":{"start":{"line":1,"column":0},"end":{"line":null,"column":-1}},"1":{"start":{"line":2,"column":0},"end":{"line":null,"column":-1}},"2":{"start":{"line":3,"column":0},"end":{"line":null,"column":-1}},"3":{"start":{"line":4,"column":0},"end":{"line":null,"column":-1}},"4":{"start":{"line":5,"column":0},"end":{"line":null,"column":-1}},"5":{"start":{"line":6,"column":0},"end":{"line":null,"column":-1}},"6":{"start":{"line":7,"column":0},"end":{"line":null,"column":-1}},"7":{"start":{"line":8,"column":0},"end":{"line":null,"column":-1}},"8":{"start":{"line":18,"column":8},"end":{"line":null,"column":-1}},"9":{"start":{"line":19,"column":8},"end":{"line":null,"column":-1}},"10":{"start":{"line":31,"column":25},"end":{"line":31,"column":12}},"11":{"start":{"line":32,"column":23},"end":{"line":32,"column":12}},"12":{"start":{"line":33,"column":24},"end":{"line":33,"column":12}},"13":{"start":{"line":34,"column":12},"end":{"line":null,"column":-1}},"14":{"start":{"line":35,"column":24},"end":{"line":35,"column":12}},"15":{"start":{"line":36,"column":12},"end":{"line":null,"column":-1}},"16":{"start":{"line":37,"column":33},"end":{"line":37,"column":12}},"17":{"start":{"line":38,"column":16},"end":{"line":null,"column":-1}},"18":{"start":{"line":39,"column":16},"end":{"line":null,"column":-1}},"19":{"start":{"line":45,"column":33},"end":{"line":45,"column":12}},"20":{"start":{"line":46,"column":16},"end":{"line":null,"column":-1}},"21":{"start":{"line":47,"column":16},"end":{"line":null,"column":-1}},"22":{"start":{"line":56,"column":42},"end":{"line":55,"column":13}},"23":{"start":{"line":55,"column":13},"end":{"line":55,"column":12}},"24":{"start":{"line":57,"column":8},"end":{"line":null,"column":-1}},"25":{"start":{"line":67,"column":38},"end":{"line":67,"column":28}},"26":{"start":{"line":68,"column":36},"end":{"line":68,"column":28}},"27":{"start":{"line":69,"column":37},"end":{"line":69,"column":28}},"28":{"start":{"line":70,"column":40},"end":{"line":70,"column":28}},"29":{"start":{"line":71,"column":28},"end":{"line":null,"column":-1}}},"fnMap":{"0":{"name":"(anonymous_0)","decl":{"start":{"line":17,"column":4},"end":{"line":17,"column":14}},"loc":{"start":{"line":17,"column":23},"end":{"line":11,"column":29}}},"1":{"name":"(anonymous_1)","decl":{"start":{"line":30,"column":4},"end":{"line":30,"column":20}},"loc":{"start":{"line":30,"column":24},"end":{"line":53,"column":5}}},"2":{"name":"(anonymous_2)","decl":{"start":{"line":34,"column":36},"end":{"line":34,"column":34}},"loc":{"start":{"line":34,"column":49},"end":{"line":34,"column":12}}},"3":{"name":"(anonymous_3)","decl":{"start":{"line":37,"column":44},"end":{"line":37,"column":49}},"loc":{"start":{"line":37,"column":50},"end":{"line":37,"column":43}}},"4":{"name":"(anonymous_4)","decl":{"start":{"line":44,"column":21},"end":{"line":44,"column":26}},"loc":{"start":{"line":44,"column":27},"end":{"line":34,"column":12}}},"5":{"name":"(anonymous_5)","decl":{"start":{"line":45,"column":44},"end":{"line":45,"column":49}},"loc":{"start":{"line":45,"column":50},"end":{"line":45,"column":43}}},"6":{"name":"(anonymous_6)","decl":{"start":{"line":55,"column":4},"end":{"line":55,"column":9}},"loc":{"start":{"line":55,"column":13},"end":{"line":87,"column":5}}},"7":{"name":"(anonymous_7)","decl":{"start":{"line":66,"column":38},"end":{"line":66,"column":39}},"loc":{"start":{"line":66,"column":53},"end":{"line":66,"column":25}}}},"branchMap":{"0":{"loc":{"start":{"line":59,"column":17},"end":{"line":59,"column":16}},"type":"binary-expr","locations":[{"start":{"line":59,"column":17},"end":{"line":59,"column":16}},{"start":{"line":59,"column":29},"end":{"line":59,"column":17}},{"start":{"line":60,"column":20},"end":{"line":58,"column":12}}]},"1":{"loc":{"start":{"line":63,"column":20},"end":{"line":62,"column":24}},"type":"cond-expr","locations":[{"start":{"line":63,"column":20},"end":{"line":62,"column":24}},{"start":{"line":65,"column":20},"end":{"line":58,"column":12}}]}},"s":{"0":0,"1":0,"2":0,"3":0,"4":0,"5":0,"6":0,"7":0,"8":0,"9":0,"10":0,"11":0,"12":0,"13":0,"14":0,"15":0,"16":0,"17":0,"18":0,"19":0,"20":0,"21":0,"22":0,"23":0,"24":0,"25":0,"26":0,"27":0,"28":0,"29":0},"f":{"0":0,"1":0,"2":0,"3":0,"4":0,"5":0,"6":0,"7":0},"b":{"0":[0,0,0],"1":[0,0]}}
,"C:\\Users\\EBundhoo\\development\\seneca\\pokemon1\\pokemon1\\src\\pages\\Pokdetails\\Pokdetails.js": {"path":"C:\\Users\\EBundhoo\\development\\seneca\\pokemon1\\pokemon1\\src\\pages\\Pokdetails\\Pokdetails.js","statementMap":{"0":{"start":{"line":1,"column":0},"end":{"line":null,"column":-1}},"1":{"start":{"line":2,"column":0},"end":{"line":null,"column":-1}},"2":{"start":{"line":3,"column":0},"end":{"line":null,"column":-1}},"3":{"start":{"line":4,"column":0},"end":{"line":null,"column":-1}},"4":{"start":{"line":5,"column":0},"end":{"line":null,"column":-1}},"5":{"start":{"line":7,"column":0},"end":{"line":null,"column":-1}},"6":{"start":{"line":8,"column":0},"end":{"line":null,"column":-1}},"7":{"start":{"line":9,"column":0},"end":{"line":null,"column":-1}},"8":{"start":{"line":11,"column":0},"end":{"line":null,"column":-1}},"9":{"start":{"line":12,"column":0},"end":{"line":null,"column":-1}},"10":{"start":{"line":15,"column":0},"end":{"line":null,"column":-1}},"11":{"start":{"line":16,"column":0},"end":{"line":null,"column":-1}},"12":{"start":{"line":17,"column":0},"end":{"line":null,"column":-1}},"13":{"start":{"line":18,"column":0},"end":{"line":null,"column":-1}},"14":{"start":{"line":19,"column":0},"end":{"line":null,"column":-1}},"15":{"start":{"line":20,"column":0},"end":{"line":null,"column":-1}},"16":{"start":{"line":31,"column":26},"end":{"line":31,"column":2}},"17":{"start":{"line":31,"column":47},"end":{"line":31,"column":42}},"18":{"start":{"line":44,"column":17},"end":{"line":44,"column":2}},"19":{"start":{"line":44,"column":27},"end":{"line":44,"column":22}},"20":{"start":{"line":63,"column":34},"end":{"line":null,"column":-1}},"21":{"start":{"line":88,"column":15},"end":{"line":88,"column":4}},"22":{"start":{"line":90,"column":4},"end":{"line":null,"column":-1}},"23":{"start":{"line":92,"column":8},"end":{"line":91,"column":18}},"24":{"start":{"line":93,"column":8},"end":{"line":null,"column":-1}},"25":{"start":{"line":94,"column":8},"end":{"line":null,"column":-1}},"26":{"start":{"line":95,"column":8},"end":{"line":null,"column":-1}},"27":{"start":{"line":96,"column":8},"end":{"line":null,"column":-1}},"28":{"start":{"line":105,"column":27},"end":{"line":105,"column":6}},"29":{"start":{"line":106,"column":8},"end":{"line":null,"column":-1}},"30":{"start":{"line":107,"column":8},"end":{"line":null,"column":-1}},"31":{"start":{"line":112,"column":25},"end":{"line":112,"column":4}},"32":{"start":{"line":113,"column":8},"end":{"line":null,"column":-1}},"33":{"start":{"line":114,"column":8},"end":{"line":null,"column":-1}},"34":{"start":{"line":128,"column":24},"end":{"line":125,"column":8}},"35":{"start":{"line":129,"column":24},"end":{"line":125,"column":8}},"36":{"start":{"line":132,"column":4},"end":{"line":null,"column":-1}},"37":{"start":{"line":161,"column":26},"end":{"line":null,"column":-1}},"38":{"start":{"line":189,"column":0},"end":{"line":null,"column":-1}}},"fnMap":{"0":{"name":"(anonymous_0)","decl":{"start":{"line":31,"column":37},"end":{"line":31,"column":41}},"loc":{"start":{"line":31,"column":47},"end":{"line":31,"column":42}}},"1":{"name":"(anonymous_1)","decl":{"start":{"line":44,"column":17},"end":{"line":44,"column":21}},"loc":{"start":{"line":44,"column":27},"end":{"line":44,"column":22}}},"2":{"name":"(anonymous_2)","decl":{"start":{"line":63,"column":34},"end":{"line":null,"column":-1}},"loc":{"start":{"line":63,"column":34},"end":{"line":null,"column":-1}}},"3":{"name":"(anonymous_3)","decl":{"start":{"line":87,"column":0},"end":{"line":87,"column":16}},"loc":{"start":{"line":87,"column":19},"end":{"line":63,"column":34}}},"4":{"name":"(anonymous_4)","decl":{"start":{"line":91,"column":11},"end":{"line":91,"column":13}},"loc":{"start":{"line":91,"column":18},"end":{"line":90,"column":4}}},"5":{"name":"(anonymous_5)","decl":{"start":{"line":105,"column":38},"end":{"line":105,"column":43}},"loc":{"start":{"line":105,"column":44},"end":{"line":105,"column":37}}},"6":{"name":"(anonymous_6)","decl":{"start":{"line":111,"column":13},"end":{"line":111,"column":18}},"loc":{"start":{"line":111,"column":19},"end":{"line":90,"column":4}}},"7":{"name":"(anonymous_7)","decl":{"start":{"line":112,"column":36},"end":{"line":112,"column":41}},"loc":{"start":{"line":112,"column":42},"end":{"line":112,"column":35}}},"8":{"name":"(anonymous_8)","decl":{"start":{"line":125,"column":0},"end":{"line":125,"column":5}},"loc":{"start":{"line":125,"column":8},"end":{"line":185,"column":1}}},"9":{"name":"(anonymous_9)","decl":{"start":{"line":160,"column":50},"end":{"line":160,"column":51}},"loc":{"start":{"line":160,"column":62},"end":{"line":160,"column":25}}}},"branchMap":{"0":{"loc":{"start":{"line":135,"column":16},"end":{"line":134,"column":22}},"type":"cond-expr","locations":[{"start":{"line":135,"column":16},"end":{"line":134,"column":22}},{"start":{"line":137,"column":12},"end":{"line":133,"column":8}}]}},"s":{"0":0,"1":0,"2":0,"3":0,"4":0,"5":0,"6":0,"7":0,"8":0,"9":0,"10":0,"11":0,"12":0,"13":0,"14":0,"15":0,"16":0,"17":0,"18":0,"19":0,"20":0,"21":0,"22":0,"23":0,"24":0,"25":0,"26":0,"27":0,"28":0,"29":0,"30":0,"31":0,"32":0,"33":0,"34":0,"35":0,"36":0,"37":0,"38":0},"f":{"0":0,"1":0,"2":0,"3":0,"4":0,"5":0,"6":0,"7":0,"8":0,"9":0},"b":{"0":[0,0]}}
}
