TN:
SF:C:\Users\EBundhoo\development\Seneca\pokemon1\pokemon1\src\App.js
FN:14,(anonymous_0)
FNF:1
FNH:0
FNDA:0,(anonymous_0)
DA:15,0
LF:1
LH:0
BRF:0
BRH:0
end_of_record
TN:
SF:C:\Users\EBundhoo\development\Seneca\pokemon1\pokemon1\src\components\Appbar.js
FN:20,Appbar
FNF:1
FNH:1
FNDA:1,Appbar
DA:10,2
DA:21,1
DA:22,1
DA:38,2
LF:4
LH:4
BRF:0
BRH:0
end_of_record
TN:
SF:C:\Users\EBundhoo\development\Seneca\pokemon1\pokemon1\src\components\Catalogue.js
FN:4,(anonymous_0)
FNF:1
FNH:0
FNDA:0,(anonymous_0)
DA:4,1
DA:5,0
LF:2
LH:1
BRF:0
BRH:0
end_of_record
TN:
SF:C:\Users\EBundhoo\development\Seneca\pokemon1\pokemon1\src\components\Loading\Loading.js
FN:6,(anonymous_0)
FNF:1
FNH:1
FNDA:3,(anonymous_0)
DA:6,3
DA:7,3
LF:2
LH:2
BRF:0
BRH:0
end_of_record
TN:
SF:C:\Users\EBundhoo\development\Seneca\pokemon1\pokemon1\src\components\Loading\Loadingb.js
FN:6,(anonymous_0)
FNF:1
FNH:1
FNDA:1,(anonymous_0)
DA:6,2
DA:7,1
LF:2
LH:2
BRF:0
BRH:0
end_of_record
TN:
SF:C:\Users\EBundhoo\development\Seneca\pokemon1\pokemon1\src\pages\Feed\Feed.js
FN:17,(anonymous_0)
FN:30,(anonymous_1)
FN:34,(anonymous_2)
FN:37,(anonymous_3)
FN:44,(anonymous_4)
FN:45,(anonymous_5)
FN:55,(anonymous_6)
FN:66,(anonymous_7)
FNF:8
FNH:3
FNDA:2,(anonymous_0)
FNDA:2,(anonymous_1)
FNDA:0,(anonymous_2)
FNDA:0,(anonymous_3)
FNDA:0,(anonymous_4)
FNDA:0,(anonymous_5)
FNDA:2,(anonymous_6)
FNDA:0,(anonymous_7)
DA:18,2
DA:19,2
DA:31,2
DA:32,2
DA:33,2
DA:34,2
DA:35,0
DA:36,0
DA:37,0
DA:38,0
DA:39,0
DA:45,0
DA:46,0
DA:47,0
DA:56,2
DA:57,2
DA:67,0
DA:68,0
DA:69,0
DA:70,0
DA:71,0
LF:21
LH:8
BRDA:59,0,0,2
BRDA:59,0,1,0
BRDA:59,0,2,0
BRDA:62,1,0,2
BRDA:62,1,1,0
BRF:5
BRH:2
end_of_record
TN:
SF:C:\Users\EBundhoo\development\Seneca\pokemon1\pokemon1\src\pages\Pokdetails\Pokdetails.js
FN:31,(anonymous_0)
FN:44,(anonymous_1)
FN:87,(anonymous_2)
FN:91,(anonymous_3)
FN:105,(anonymous_4)
FN:111,(anonymous_5)
FN:112,(anonymous_6)
FN:125,(anonymous_7)
FN:160,(anonymous_8)
FNF:9
FNH:0
FNDA:0,(anonymous_0)
FNDA:0,(anonymous_1)
FNDA:0,(anonymous_2)
FNDA:0,(anonymous_3)
FNDA:0,(anonymous_4)
FNDA:0,(anonymous_5)
FNDA:0,(anonymous_6)
FNDA:0,(anonymous_7)
FNDA:0,(anonymous_8)
DA:31,1
DA:44,1
DA:88,0
DA:90,0
DA:92,0
DA:93,0
DA:94,0
DA:95,0
DA:96,0
DA:105,0
DA:106,0
DA:107,0
DA:112,0
DA:113,0
DA:114,0
DA:128,0
DA:129,0
DA:132,0
DA:161,0
DA:189,1
LF:20
LH:3
BRDA:134,0,0,0
BRDA:134,0,1,0
BRF:2
BRH:0
end_of_record
TN:
SF:C:\Users\EBundhoo\development\seneca\pokemon1\pokemon1\src\App.js
FN:14,(anonymous_0)
FNF:1
FNH:0
FNDA:0,(anonymous_0)
DA:1,0
DA:2,0
DA:3,0
DA:4,0
DA:5,0
DA:6,0
DA:7,0
DA:15,0
LF:8
LH:0
BRF:0
BRH:0
end_of_record
TN:
SF:C:\Users\EBundhoo\development\seneca\pokemon1\pokemon1\src\index.js
FNF:0
FNH:0
DA:1,0
DA:2,0
DA:3,0
DA:4,0
DA:5,0
DA:6,0
DA:13,0
LF:7
LH:0
BRF:0
BRH:0
end_of_record
TN:
SF:C:\Users\EBundhoo\development\seneca\pokemon1\pokemon1\src\serviceWorker.js
FN:23,register
FN:34,(anonymous_1)
FN:43,(anonymous_2)
FN:57,registerValidSW
FN:60,(anonymous_4)
FN:61,(anonymous_5)
FN:66,(anonymous_6)
FN:96,(anonymous_7)
FN:101,checkValidServiceWorker
FN:104,(anonymous_9)
FN:112,(anonymous_10)
FN:113,(anonymous_11)
FN:122,(anonymous_12)
FN:129,unregister
FN:131,(anonymous_14)
FNF:15
FNH:0
FNDA:0,register
FNDA:0,(anonymous_1)
FNDA:0,(anonymous_2)
FNDA:0,registerValidSW
FNDA:0,(anonymous_4)
FNDA:0,(anonymous_5)
FNDA:0,(anonymous_6)
FNDA:0,(anonymous_7)
FNDA:0,checkValidServiceWorker
FNDA:0,(anonymous_9)
FNDA:0,(anonymous_10)
FNDA:0,(anonymous_11)
FNDA:0,(anonymous_12)
FNDA:0,unregister
FNDA:0,(anonymous_14)
DA:13,0
DA:24,0
DA:26,0
DA:27,0
DA:31,0
DA:34,0
DA:35,0
DA:37,0
DA:39,0
DA:43,0
DA:44,0
DA:51,0
DA:58,0
DA:61,0
DA:62,0
DA:63,0
DA:64,0
DA:66,0
DA:67,0
DA:68,0
DA:72,0
DA:78,0
DA:79,0
DA:85,0
DA:88,0
DA:89,0
DA:97,0
DA:103,0
DA:106,0
DA:107,0
DA:112,0
DA:113,0
DA:114,0
DA:119,0
DA:123,0
DA:130,0
DA:131,0
DA:132,0
LF:38
LH:0
BRDA:14,0,0,0
BRDA:14,0,1,0
BRDA:14,0,2,0
BRDA:24,1,0,0
BRDA:24,1,1,0
BRDA:24,2,0,0
BRDA:24,2,1,0
BRDA:27,3,0,0
BRDA:27,3,1,0
BRDA:37,4,0,0
BRDA:37,4,1,0
BRDA:63,5,0,0
BRDA:63,5,1,0
BRDA:67,6,0,0
BRDA:67,6,1,0
BRDA:68,7,0,0
BRDA:68,7,1,0
BRDA:78,8,0,0
BRDA:78,8,1,0
BRDA:78,9,0,0
BRDA:78,9,1,0
BRDA:88,10,0,0
BRDA:88,10,1,0
BRDA:88,11,0,0
BRDA:88,11,1,0
BRDA:107,12,0,0
BRDA:107,12,1,0
BRDA:108,13,0,0
BRDA:108,13,1,0
BRDA:108,13,2,0
BRDA:130,14,0,0
BRDA:130,14,1,0
BRF:32
BRH:0
end_of_record
TN:
SF:C:\Users\EBundhoo\development\seneca\pokemon1\pokemon1\src\components\Appbar.js
FN:20,Appbar
FNF:1
FNH:0
FNDA:0,Appbar
DA:1,0
DA:2,0
DA:3,0
DA:4,0
DA:5,0
DA:6,0
DA:7,0
DA:8,0
DA:10,0
DA:21,0
DA:22,0
DA:38,0
LF:12
LH:0
BRF:0
BRH:0
end_of_record
TN:
SF:C:\Users\EBundhoo\development\seneca\pokemon1\pokemon1\src\components\Catalogue.js
FN:4,(anonymous_0)
FNF:1
FNH:0
FNDA:0,(anonymous_0)
DA:1,0
DA:2,0
DA:4,0
DA:5,0
LF:4
LH:0
BRF:0
BRH:0
end_of_record
TN:
SF:C:\Users\EBundhoo\development\seneca\pokemon1\pokemon1\src\components\Loading\Loading.js
FN:6,(anonymous_0)
FNF:1
FNH:0
FNDA:0,(anonymous_0)
DA:1,0
DA:2,0
DA:4,0
DA:6,0
DA:7,0
LF:5
LH:0
BRF:0
BRH:0
end_of_record
TN:
SF:C:\Users\EBundhoo\development\seneca\pokemon1\pokemon1\src\components\Loading\Loadingb.js
FN:6,(anonymous_0)
FNF:1
FNH:0
FNDA:0,(anonymous_0)
DA:1,0
DA:2,0
DA:4,0
DA:6,0
DA:7,0
LF:5
LH:0
BRF:0
BRH:0
end_of_record
TN:
SF:C:\Users\EBundhoo\development\seneca\pokemon1\pokemon1\src\pages\Feed\Feed.js
FN:17,(anonymous_0)
FN:30,(anonymous_1)
FN:34,(anonymous_2)
FN:37,(anonymous_3)
FN:44,(anonymous_4)
FN:45,(anonymous_5)
FN:55,(anonymous_6)
FN:66,(anonymous_7)
FNF:8
FNH:0
FNDA:0,(anonymous_0)
FNDA:0,(anonymous_1)
FNDA:0,(anonymous_2)
FNDA:0,(anonymous_3)
FNDA:0,(anonymous_4)
FNDA:0,(anonymous_5)
FNDA:0,(anonymous_6)
FNDA:0,(anonymous_7)
DA:1,0
DA:2,0
DA:3,0
DA:4,0
DA:5,0
DA:6,0
DA:7,0
DA:8,0
DA:18,0
DA:19,0
DA:31,0
DA:32,0
DA:33,0
DA:34,0
DA:35,0
DA:36,0
DA:37,0
DA:38,0
DA:39,0
DA:45,0
DA:46,0
DA:47,0
DA:55,0
DA:56,0
DA:57,0
DA:67,0
DA:68,0
DA:69,0
DA:70,0
DA:71,0
LF:30
LH:0
BRDA:59,0,0,0
BRDA:59,0,1,0
BRDA:59,0,2,0
BRDA:63,1,0,0
BRDA:63,1,1,0
BRF:5
BRH:0
end_of_record
TN:
SF:C:\Users\EBundhoo\development\seneca\pokemon1\pokemon1\src\pages\Pokdetails\Pokdetails.js
FN:31,(anonymous_0)
FN:44,(anonymous_1)
FN:63,(anonymous_2)
FN:87,(anonymous_3)
FN:91,(anonymous_4)
FN:105,(anonymous_5)
FN:111,(anonymous_6)
FN:112,(anonymous_7)
FN:125,(anonymous_8)
FN:160,(anonymous_9)
FNF:10
FNH:0
FNDA:0,(anonymous_0)
FNDA:0,(anonymous_1)
FNDA:0,(anonymous_2)
FNDA:0,(anonymous_3)
FNDA:0,(anonymous_4)
FNDA:0,(anonymous_5)
FNDA:0,(anonymous_6)
FNDA:0,(anonymous_7)
FNDA:0,(anonymous_8)
FNDA:0,(anonymous_9)
DA:1,0
DA:2,0
DA:3,0
DA:4,0
DA:5,0
DA:7,0
DA:8,0
DA:9,0
DA:11,0
DA:12,0
DA:15,0
DA:16,0
DA:17,0
DA:18,0
DA:19,0
DA:20,0
DA:31,0
DA:44,0
DA:63,0
DA:88,0
DA:90,0
DA:92,0
DA:93,0
DA:94,0
DA:95,0
DA:96,0
DA:105,0
DA:106,0
DA:107,0
DA:112,0
DA:113,0
DA:114,0
DA:128,0
DA:129,0
DA:132,0
DA:161,0
DA:189,0
LF:37
LH:0
BRDA:135,0,0,0
BRDA:135,0,1,0
BRF:2
BRH:0
end_of_record
